TN:
SF:src/BigIntMath.ts
FN:23,(anonymous_0)
FN:39,(anonymous_1)
FN:54,(anonymous_2)
FN:55,(anonymous_3)
FN:68,(anonymous_4)
FN:69,(anonymous_5)
FN:77,(anonymous_6)
FN:96,(anonymous_7)
FN:116,(anonymous_8)
FN:132,(anonymous_9)
FN:151,(anonymous_10)
FNF:11
FNH:11
FNDA:8,(anonymous_0)
FNDA:6,(anonymous_1)
FNDA:6,(anonymous_2)
FNDA:14,(anonymous_3)
FNDA:6,(anonymous_4)
FNDA:14,(anonymous_5)
FNDA:131072,(anonymous_6)
FNDA:20,(anonymous_7)
FNDA:8,(anonymous_8)
FNDA:12,(anonymous_9)
FNDA:131072,(anonymous_10)
DA:10,2
DA:24,8
DA:25,8
DA:40,6
DA:41,6
DA:55,14
DA:69,14
DA:78,131072
DA:79,131072
DA:80,0
DA:82,131072
DA:83,131070
DA:84,131070
DA:85,1835018
DA:87,131070
DA:97,20
DA:98,20
DA:99,20
DA:117,8
DA:118,8
DA:133,12
DA:134,12
DA:152,131072
DA:153,131072
DA:154,131072
DA:155,131072
LF:26
LH:25
BRDA:25,0,0,6
BRDA:25,0,1,2
BRDA:41,1,0,2
BRDA:41,1,1,4
BRDA:41,2,0,2
BRDA:41,2,1,2
BRDA:55,3,0,8
BRDA:55,3,1,6
BRDA:69,4,0,0
BRDA:69,4,1,14
BRDA:79,5,0,0
BRDA:79,5,1,131072
BRDA:82,6,0,2
BRDA:82,6,1,131070
BRDA:118,7,0,2
BRDA:118,7,1,6
BRDA:134,8,0,6
BRDA:134,8,1,6
BRF:18
BRH:16
end_of_record
TN:
SF:src/fillRandom.ts
FN:3,(anonymous_0)
FN:8,(anonymous_1)
FNF:2
FNH:2
FNDA:65536,(anonymous_0)
FNDA:65536,(anonymous_1)
DA:1,2
DA:3,1
DA:4,65536
DA:7,1
DA:8,1
DA:9,65536
DA:13,2
LF:7
LH:7
BRDA:1,0,0,1
BRDA:1,0,1,1
BRF:2
BRH:2
end_of_record
